Removed Pin From Net: NetName=NetR1_1 Pin=R1-1
Removed Pin From Net: NetName=NetP1_2 Pin=R1-2
Removed Pin From Net: NetName=NetI1_20 Pin=U1-1
Removed Pin From Net: NetName=NetI1_1 Pin=U1-2
Removed Pin From Net: NetName=NetR1_1 Pin=U1-3
Removed Pin From Net: NetName=NetP1_1 Pin=U1-4
Change Component Designator: OldDesignator=D1 NewDesignator=D1_1
Change Component Designator: OldDesignator=D2 NewDesignator=D2_1
Change Component Designator: OldDesignator=P2 NewDesignator=P0
Change Component Designator: OldDesignator=R1 NewDesignator=R1_1
Change Component Designator: OldDesignator=R2 NewDesignator=R2_1
Change Component Designator: OldDesignator=R3 NewDesignator=R3_1
Change Component Designator: OldDesignator=U1 NewDesignator=U1_1
Change Component Designator: OldDesignator=U2 NewDesignator=U2_1
Added Pin To Net: NetName=NetP1_2 Pin=R1_1-1
Added Pin To Net: NetName=NetR1_1 Pin=R1_1-2
Added Pin To Net: NetName=NetP1_1 Pin=U1_1-1
Added Pin To Net: NetName=NetR1_1 Pin=U1_1-2
Added Pin To Net: NetName=NetI1_1 Pin=U1_1-3
Added Pin To Net: NetName=NetI1_20 Pin=U1_1-4
Change Net Name : Old Net Name=NetD1_1 New Net Name=NetD1_1_1
Change Net Name : Old Net Name=NetD2_1 New Net Name=NetD2_1_1
Change Net Name : Old Net Name=NetD2_2 New Net Name=NetD2_1_2
Change Net Name : Old Net Name=NetR1_1 New Net Name=NetR1_1_2
Change Net Name : Old Net Name=NetR3_2 New Net Name=NetR3_1_2
Added Member To Class: ClassName=HarmonicControl Member=Component I1 ESP8266
Added Member To Class: ClassName=HarmonicControl Member=Component U2_1 Output_Control
Added Room: Name=HarmonicControl
